# JRE version: OpenJDK Runtime Environment (8.0_202-b03) (build 1.8.0_202-release-1483-b03)
# Java VM: OpenJDK 64-Bit Server VM (25.202-b03 mixed mode windows-amd64 compressed oops)
Heap:
 PSYoungGen      total 296960K, used 77303K [0x00000000e0000000, 0x00000000f6a00000, 0x0000000100000000)
  eden space 270336K, 24% used [0x00000000e0000000,0x00000000e41163b8,0x00000000f0800000)
  from space 26624K, 40% used [0x00000000f0800000,0x00000000f1267c20,0x00000000f2200000)
  to   space 26112K, 0% used [0x00000000f5080000,0x00000000f5080000,0x00000000f6a00000)
 ParOldGen       total 205824K, used 40768K [0x00000000a0000000, 0x00000000ac900000, 0x00000000e0000000)
  object space 205824K, 19% used [0x00000000a0000000,0x00000000a27d0310,0x00000000ac900000)
 Metaspace       used 69194K, capacity 72810K, committed 73112K, reserved 1112064K
  class space    used 9374K, capacity 10096K, committed 10144K, reserved 1048576K
GC Heap History (10 events):
Event: 6.920 GC heap before
{Heap before GC invocations=12 (full 2):
 PSYoungGen      total 189440K, used 97975K [0x00000000e0000000, 0x00000000f0100000, 0x0000000100000000)
  eden space 175104K, 47% used [0x00000000e0000000,0x00000000e51af130,0x00000000eab00000)
  from space 14336K, 99% used [0x00000000eab00000,0x00000000eb8fed98,0x00000000eb900000)
  to   space 18944K, 0% used [0x00000000eee80000,0x00000000eee80000,0x00000000f0100000)
 ParOldGen       total 143872K, used 22251K [0x00000000a0000000, 0x00000000a8c80000, 0x00000000e0000000)
  object space 143872K, 15% used [0x00000000a0000000,0x00000000a15baed8,0x00000000a8c80000)
 Metaspace       used 57373K, capacity 59044K, committed 59160K, reserved 1099776K
  class space    used 7929K, capacity 8402K, committed 8480K, reserved 1048576K
Event: 6.931 GC heap after
Heap after GC invocations=12 (full 2):
 PSYoungGen      total 241152K, used 18921K [0x00000000e0000000, 0x00000000f1500000, 0x0000000100000000)
  eden space 222208K, 0% used [0x00000000e0000000,0x00000000e0000000,0x00000000ed900000)
  from space 18944K, 99% used [0x00000000eee80000,0x00000000f00fa400,0x00000000f0100000)
  to   space 22016K, 0% used [0x00000000ed900000,0x00000000ed900000,0x00000000eee80000)
 ParOldGen       total 143872K, used 24795K [0x00000000a0000000, 0x00000000a8c80000, 0x00000000e0000000)
  object space 143872K, 17% used [0x00000000a0000000,0x00000000a1836f90,0x00000000a8c80000)
 Metaspace       used 57373K, capacity 59044K, committed 59160K, reserved 1099776K
  class space    used 7929K, capacity 8402K, committed 8480K, reserved 1048576K
}
Event: 6.931 GC heap before
{Heap before GC invocations=13 (full 3):
 PSYoungGen      total 241152K, used 18921K [0x00000000e0000000, 0x00000000f1500000, 0x0000000100000000)
  eden space 222208K, 0% used [0x00000000e0000000,0x00000000e0000000,0x00000000ed900000)
  from space 18944K, 99% used [0x00000000eee80000,0x00000000f00fa400,0x00000000f0100000)
  to   space 22016K, 0% used [0x00000000ed900000,0x00000000ed900000,0x00000000eee80000)
 ParOldGen       total 143872K, used 24795K [0x00000000a0000000, 0x00000000a8c80000, 0x00000000e0000000)
  object space 143872K, 17% used [0x00000000a0000000,0x00000000a1836f90,0x00000000a8c80000)
 Metaspace       used 57373K, capacity 59044K, committed 59160K, reserved 1099776K
  class space    used 7929K, capacity 8402K, committed 8480K, reserved 1048576K
Event: 7.100 GC heap after
Heap after GC invocations=13 (full 3):
 PSYoungGen      total 241152K, used 0K [0x00000000e0000000, 0x00000000f1500000, 0x0000000100000000)
  eden space 222208K, 0% used [0x00000000e0000000,0x00000000e0000000,0x00000000ed900000)
  from space 18944K, 0% used [0x00000000eee80000,0x00000000eee80000,0x00000000f0100000)
  to   space 22016K, 0% used [0x00000000ed900000,0x00000000ed900000,0x00000000eee80000)
 ParOldGen       total 205824K, used 36032K [0x00000000a0000000, 0x00000000ac900000, 0x00000000e0000000)
  object space 205824K, 17% used [0x00000000a0000000,0x00000000a2330080,0x00000000ac900000)
 Metaspace       used 57373K, capacity 59044K, committed 59160K, reserved 1099776K
  class space    used 7929K, capacity 8402K, committed 8480K, reserved 1048576K
}
Event: 2701.322 GC heap before
{Heap before GC invocations=14 (full 3):
 PSYoungGen      total 241152K, used 222208K [0x00000000e0000000, 0x00000000f1500000, 0x0000000100000000)
  eden space 222208K, 100% used [0x00000000e0000000,0x00000000ed900000,0x00000000ed900000)
  from space 18944K, 0% used [0x00000000eee80000,0x00000000eee80000,0x00000000f0100000)
  to   space 22016K, 0% used [0x00000000ed900000,0x00000000ed900000,0x00000000eee80000)
 ParOldGen       total 205824K, used 36032K [0x00000000a0000000, 0x00000000ac900000, 0x00000000e0000000)
  object space 205824K, 17% used [0x00000000a0000000,0x00000000a2330080,0x00000000ac900000)
 Metaspace       used 66160K, capacity 69268K, committed 69528K, reserved 1110016K
  class space    used 8997K, capacity 9617K, committed 9632K, reserved 1048576K
Event: 2701.334 GC heap after
Heap after GC invocations=14 (full 3):
 PSYoungGen      total 244224K, used 15154K [0x00000000e0000000, 0x00000000f3c00000, 0x0000000100000000)
  eden space 222208K, 0% used [0x00000000e0000000,0x00000000e0000000,0x00000000ed900000)
  from space 22016K, 68% used [0x00000000ed900000,0x00000000ee7cc908,0x00000000eee80000)
  to   space 22016K, 0% used [0x00000000f2680000,0x00000000f2680000,0x00000000f3c00000)
 ParOldGen       total 205824K, used 36040K [0x00000000a0000000, 0x00000000ac900000, 0x00000000e0000000)
  object space 205824K, 17% used [0x00000000a0000000,0x00000000a2332080,0x00000000ac900000)
 Metaspace       used 66160K, capacity 69268K, committed 69528K, reserved 1110016K
  class space    used 8997K, capacity 9617K, committed 9632K, reserved 1048576K
}
Event: 10199.722 GC heap before
{Heap before GC invocations=15 (full 3):
 PSYoungGen      total 244224K, used 231659K [0x00000000e0000000, 0x00000000f3c00000, 0x0000000100000000)
  eden space 222208K, 97% used [0x00000000e0000000,0x00000000ed36e408,0x00000000ed900000)
  from space 22016K, 68% used [0x00000000ed900000,0x00000000ee7cc908,0x00000000eee80000)
  to   space 22016K, 0% used [0x00000000f2680000,0x00000000f2680000,0x00000000f3c00000)
 ParOldGen       total 205824K, used 36040K [0x00000000a0000000, 0x00000000ac900000, 0x00000000e0000000)
  object space 205824K, 17% used [0x00000000a0000000,0x00000000a2332080,0x00000000ac900000)
 Metaspace       used 68665K, capacity 72244K, committed 72472K, reserved 1112064K
  class space    used 9291K, capacity 10005K, committed 10016K, reserved 1048576K
Event: 10199.806 GC heap after
Heap after GC invocations=15 (full 3):
 PSYoungGen      total 292352K, used 21995K [0x00000000e0000000, 0x00000000f3c00000, 0x0000000100000000)
  eden space 270336K, 0% used [0x00000000e0000000,0x00000000e0000000,0x00000000f0800000)
  from space 22016K, 99% used [0x00000000f2680000,0x00000000f3bfacf8,0x00000000f3c00000)
  to   space 26624K, 0% used [0x00000000f0800000,0x00000000f0800000,0x00000000f2200000)
 ParOldGen       total 205824K, used 40760K [0x00000000a0000000, 0x00000000ac900000, 0x00000000e0000000)
  object space 205824K, 19% used [0x00000000a0000000,0x00000000a27ce310,0x00000000ac900000)
 Metaspace       used 68665K, capacity 72244K, committed 72472K, reserved 1112064K
  class space    used 9291K, capacity 10005K, committed 10016K, reserved 1048576K
}
Event: 13021.164 GC heap before
{Heap before GC invocations=16 (full 3):
 PSYoungGen      total 292352K, used 292331K [0x00000000e0000000, 0x00000000f3c00000, 0x0000000100000000)
  eden space 270336K, 100% used [0x00000000e0000000,0x00000000f0800000,0x00000000f0800000)
  from space 22016K, 99% used [0x00000000f2680000,0x00000000f3bfacf8,0x00000000f3c00000)
  to   space 26624K, 0% used [0x00000000f0800000,0x00000000f0800000,0x00000000f2200000)
 ParOldGen       total 205824K, used 40760K [0x00000000a0000000, 0x00000000ac900000, 0x00000000e0000000)
  object space 205824K, 19% used [0x00000000a0000000,0x00000000a27ce310,0x00000000ac900000)
 Metaspace       used 69180K, capacity 72810K, committed 73112K, reserved 1112064K
  class space    used 9372K, capacity 10096K, committed 10144K, reserved 1048576K
Event: 13021.172 GC heap after
Heap after GC invocations=16 (full 3):
 PSYoungGen      total 296960K, used 10655K [0x00000000e0000000, 0x00000000f6a00000, 0x0000000100000000)
  eden space 270336K, 0% used [0x00000000e0000000,0x00000000e0000000,0x00000000f0800000)
  from space 26624K, 40% used [0x00000000f0800000,0x00000000f1267c20,0x00000000f2200000)
  to   space 26112K, 0% used [0x00000000f5080000,0x00000000f5080000,0x00000000f6a00000)
 ParOldGen       total 205824K, used 40768K [0x00000000a0000000, 0x00000000ac900000, 0x00000000e0000000)
  object space 205824K, 19% used [0x00000000a0000000,0x00000000a27d0310,0x00000000ac900000)
 Metaspace       used 69180K, capacity 72810K, committed 73112K, reserved 1112064K
  class space    used 9372K, capacity 10096K, committed 10144K, reserved 1048576K
}

